<?xml version="1.0" encoding="UTF-8"?>
<!-- Generated by org.testng.reporters.JUnitXMLReporter -->
<testsuite ignored="0" hostname="LIN41005772" failures="0" tests="4" name="Default test" time="2.546" errors="0" timestamp="2022-06-21T14:06:46 IST">
  <testcase classname="testAllMethod.AllExecutionDetails" name="VerifyGet" time="2.186"/>
  <testcase classname="testAllMethod.AllExecutionDetails" name="VerifyPost" time="0.105"/>
  <testcase classname="testAllMethod.AllExecutionDetails" name="VerifyPut" time="0.136"/>
  <testcase classname="testAllMethod.AllExecutionDetails" name="VerifyDelete" time="0.059"/>
</testsuite> <!-- Default test -->
