<?xml version="1.0" encoding="UTF-8"?>
<testng-results ignored="0" total="4" passed="4" failed="0" skipped="0">
  <reporter-output>
  </reporter-output>
  <suite started-at="2022-06-21T14:06:44 IST" name="Default suite" finished-at="2022-06-21T14:06:46 IST" duration-ms="2546">
    <groups>
    </groups>
    <test started-at="2022-06-21T14:06:44 IST" name="Default test" finished-at="2022-06-21T14:06:46 IST" duration-ms="2546">
      <class name="testAllMethod.AllExecutionDetails">
        <test-method signature="VerifyGet()[pri:1, instance:testAllMethod.AllExecutionDetails@193f604a]" started-at="2022-06-21T14:06:44 IST" name="VerifyGet" finished-at="2022-06-21T14:06:46 IST" duration-ms="2186" status="PASS">
          <reporter-output>
          </reporter-output>
        </test-method> <!-- VerifyGet -->
        <test-method signature="VerifyPost()[pri:1, instance:testAllMethod.AllExecutionDetails@193f604a]" started-at="2022-06-21T14:06:46 IST" name="VerifyPost" finished-at="2022-06-21T14:06:46 IST" duration-ms="105" status="PASS">
          <reporter-output>
          </reporter-output>
        </test-method> <!-- VerifyPost -->
        <test-method signature="VerifyPut()[pri:2, instance:testAllMethod.AllExecutionDetails@193f604a]" started-at="2022-06-21T14:06:46 IST" name="VerifyPut" finished-at="2022-06-21T14:06:46 IST" duration-ms="136" status="PASS">
          <reporter-output>
          </reporter-output>
        </test-method> <!-- VerifyPut -->
        <test-method signature="VerifyDelete()[pri:3, instance:testAllMethod.AllExecutionDetails@193f604a]" started-at="2022-06-21T14:06:46 IST" name="VerifyDelete" finished-at="2022-06-21T14:06:46 IST" duration-ms="59" status="PASS">
          <reporter-output>
          </reporter-output>
        </test-method> <!-- VerifyDelete -->
      </class> <!-- testAllMethod.AllExecutionDetails -->
    </test> <!-- Default test -->
  </suite> <!-- Default suite -->
</testng-results>
